<?xml version="1.0" encoding="UTF-8"?>
<!-- Generated by org.testng.reporters.JUnitReportReporter -->
<testsuite hostname="USHYDSPUDHARI5" failures="0" tests="1" name="com.qa.testpages.AccountSearchPageTest" time="85.984" errors="0" timestamp="2021-04-20T07:15:46 IST" skipped="0">
  <testcase classname="com.qa.testpages.AccountSearchPageTest" name="LoginMethod" time="85.984"/>
  <system-out/>
</testsuite> <!-- com.qa.testpages.AccountSearchPageTest -->
