<?xml version="1.0" encoding="UTF-8"?>
<!-- Generated by org.testng.reporters.JUnitReportReporter -->
<testsuite hostname="USHYDSPUDHARI5" failures="0" tests="4" name="com.qa.testpages.AccountPageTest" time="107.348" errors="0" timestamp="2021-06-29T18:54:21 IST" skipped="0">
  <testcase classname="com.qa.testpages.AccountPageTest" name="setup" time="6.241"/>
  <system-out/>
  <testcase classname="com.qa.testpages.AccountPageTest" name="LoginMethod" time="20.235"/>
  <system-out/>
  <testcase classname="com.qa.testpages.AccountPageTest" name="ValidatePageTitle" time="9.010"/>
  <system-out/>
  <testcase classname="com.qa.testpages.AccountPageTest" name="AccountSearch" time="71.862"/>
  <system-out/>
</testsuite> <!-- com.qa.testpages.AccountPageTest -->
