<?xml version="1.0" encoding="UTF-8"?>
<!-- Generated by org.testng.reporters.JUnitReportReporter -->
<testsuite hostname="USHYDSPUDHARI5" failures="0" tests="1" name="com.qa.testpages.AccountCreationPageTest" time="131.189" errors="0" timestamp="2021-04-22T16:58:12 IST" skipped="0">
  <testcase classname="com.qa.testpages.AccountCreationPageTest" name="LoginMethod" time="131.189"/>
  <system-out/>
</testsuite> <!-- com.qa.testpages.AccountCreationPageTest -->
