<?xml version="1.0" encoding="UTF-8"?>
<!-- Generated by org.testng.reporters.JUnitReportReporter -->
<testsuite hostname="USHYDSPUDHARI5" failures="0" tests="2" name="com.qa.testpages.LoginPageTest" time="69.822" errors="0" timestamp="2021-04-19T06:12:54 IST" skipped="0">
  <testcase classname="com.qa.testpages.LoginPageTest" name="ValidatePageTitle" time="14.226"/>
  <system-out/>
  <testcase classname="com.qa.testpages.LoginPageTest" name="LoginMethod" time="55.596"/>
  <system-out/>
</testsuite> <!-- com.qa.testpages.LoginPageTest -->
